<?xml version="1.0" encoding="UTF-8"?>
<!-- Generated by org.testng.reporters.JUnitXMLReporter -->
<testsuite ignored="3" hostname="DESKTOP-0ERKDPK" failures="1" tests="1" name="Test1" time="8.866" errors="0" timestamp="2024-01-23T13:00:02 IST">
  <testcase classname="testScript.testcase1" name="verifyRegisterButton" time="2.96">
    <failure type="java.lang.NullPointerException" message="Cannot invoke &amp;quot;org.openqa.selenium.SearchContext.findElement(org.openqa.selenium.By)&amp;quot; because &amp;quot;this.searchContext&amp;quot; is null">
      <![CDATA[java.lang.NullPointerException: Cannot invoke "org.openqa.selenium.SearchContext.findElement(org.openqa.selenium.By)" because "this.searchContext" is null
at org.openqa.selenium.support.pagefactory.DefaultElementLocator.findElement(DefaultElementLocator.java:68)
at org.openqa.selenium.support.pagefactory.internal.LocatingElementHandler.invoke(LocatingElementHandler.java:38)
at jdk.proxy2/jdk.proxy2.$Proxy17.click(Unknown Source)
at testScript.testcase1.verifyRegisterButton(testcase1.java:23)
at java.base/java.util.ArrayList.forEach(ArrayList.java:1511)
... Removed 27 stack frames]]>
    </failure>
  </testcase> <!-- verifyRegisterButton -->
  <testcase classname="testScript.testcase1" name="veriefregisterFields" time="0.0">
    <ignored/>
  </testcase> <!-- veriefregisterFields -->
  <testcase classname="testScript.testcase1" name="veriefyLoginFields" time="0.0">
    <ignored/>
  </testcase> <!-- veriefyLoginFields -->
  <testcase classname="testScript.testcase1" name="veriefyLoginButton" time="0.0">
    <ignored/>
  </testcase> <!-- veriefyLoginButton -->
</testsuite> <!-- Test1 -->
